|00
王
子
女
上
下
大
中
小
父
年
月
日
今
人
入
足
山
少
兵
士
方
水
火
空
世
北
西
兄
生
心
会
舟
申
古
全
石
炎
夫
作
木
早
目
正
平
和
手
呪
来
私
出
光
本
当
守
向
次
々
礼
合
元
一
二
三
十
気
体
伝
先
町
休
与
何
母
去
仲
天
地
口
名
不
明
知
分
内
村
切
屋
相
近
羽
代
太
赤
止
泊
丈
好
以
囚
海
供
恋
家
商
沖
立
引
剣
台
玉
険
半
部
化
死
回
受
共
妃
後
亡
耳
吉
巨
虹
忘
広
国
押
呼
主
店
安
[矢1]
外
用
夕
老
治
間
宿
自
同
住
友
冷
込
文
由
吹
冬
忙
告
品
久
位
決
客
持
物
竜
族
姫
神
声
必
使
君
者
見
戦
助
封
取
城
始
役
雨
洞
所
多
思
彼
界
売
金
盗
恐
辺
歩
研
究
沼
命
眠
色
無
怪
捕
夜
宝
逃
活
幼
犯
杯
財
場
返
枚
求
性
攻
奴
投
約
束
行
穴
[k「]
[k」]
[k“]
[k”]
[k〇]
[kX]
[kmusic]
千
万
土
[矢2]
臣
才
酒
新
前
息
男
昼
塔
冒
犬
格
昔
配
図
若
考
時
朝
強
利
要
井
戸
[k♡]
[k★]